Arguments: 
  /usr/local/Cellar/node/9.5.0/bin/node /usr/local/Cellar/yarn/1.3.2/libexec/bin/yarn.js add @fortawesome/fontawesome-free-br

PATH: 
  /Users/pvillanueva/.rvm/gems/ruby-2.5.0/bin:/Users/pvillanueva/.rvm/gems/ruby-2.5.0@global/bin:/Users/pvillanueva/.rvm/rubies/ruby-2.5.0/bin:/usr/bin:/bin:/usr/sbin:/sbin:/usr/local/bin:/usr/local/git/bin:/Users/pvillanueva/.rvm/bin

Yarn version: 
  1.3.2

Node version: 
  9.5.0

Platform: 
  darwin x64

npm manifest: 
  {
    "dependencies": {
      "@fortawesome/fontawesome": "^1.1.3",
      "@fortawesome/fontawesome-free-regular": "^5.0.6",
      "@fortawesome/fontawesome-free-solid": "^5.0.6",
      "bootstrap": "4.0.0",
      "jquery": "^3.3.1",
      "popper.js": "^1.12.3",
      "uglify-js": "^3.3.10"
    }
  }

yarn manifest: 
  No manifest

Lockfile: 
  # THIS IS AN AUTOGENERATED FILE. DO NOT EDIT THIS FILE DIRECTLY.
  # yarn lockfile v1
  
  
  "@fortawesome/fontawesome-common-types@^0.1.2":
    version "0.1.2"
    resolved "https://registry.yarnpkg.com/@fortawesome/fontawesome-common-types/-/fontawesome-common-types-0.1.2.tgz#d6aa075058f0c984d6e2ebcbc0052c1f7f9bea72"
  
  "@fortawesome/fontawesome-free-regular@^5.0.6":
    version "5.0.6"
    resolved "https://registry.yarnpkg.com/@fortawesome/fontawesome-free-regular/-/fontawesome-free-regular-5.0.6.tgz#fafc624025a247c1a1bbb5080b9902a490cd79f5"
    dependencies:
      "@fortawesome/fontawesome-common-types" "^0.1.2"
  
  "@fortawesome/fontawesome-free-solid@^5.0.6":
    version "5.0.6"
    resolved "https://registry.yarnpkg.com/@fortawesome/fontawesome-free-solid/-/fontawesome-free-solid-5.0.6.tgz#6bb5acdd081b03ab25b7684f7089b37ed3d20740"
    dependencies:
      "@fortawesome/fontawesome-common-types" "^0.1.2"
  
  "@fortawesome/fontawesome@^1.1.3":
    version "1.1.3"
    resolved "https://registry.yarnpkg.com/@fortawesome/fontawesome/-/fontawesome-1.1.3.tgz#7a4844345cbc7fb238f5f1788af73bd302ee9b80"
    dependencies:
      "@fortawesome/fontawesome-common-types" "^0.1.2"
  
  bootstrap@4.0.0:
    version "4.0.0"
    resolved "https://registry.yarnpkg.com/bootstrap/-/bootstrap-4.0.0.tgz#ceb03842c145fcc1b9b4e15da2a05656ba68469a"
  
  commander@~2.14.1:
    version "2.14.1"
    resolved "https://registry.yarnpkg.com/commander/-/commander-2.14.1.tgz#2235123e37af8ca3c65df45b026dbd357b01b9aa"
  
  jquery@^3.3.1:
    version "3.3.1"
    resolved "https://registry.yarnpkg.com/jquery/-/jquery-3.3.1.tgz#958ce29e81c9790f31be7792df5d4d95fc57fbca"
  
  popper.js@^1.12.3:
    version "1.12.9"
    resolved "https://registry.yarnpkg.com/popper.js/-/popper.js-1.12.9.tgz#0dfbc2dff96c451bb332edcfcfaaf566d331d5b3"
  
  source-map@~0.6.1:
    version "0.6.1"
    resolved "https://registry.yarnpkg.com/source-map/-/source-map-0.6.1.tgz#74722af32e9614e9c287a8d0bbde48b5e2f1a263"
  
  uglify-js@^3.3.10:
    version "3.3.10"
    resolved "https://registry.yarnpkg.com/uglify-js/-/uglify-js-3.3.10.tgz#8e47821d4cf28e14c1826a0078ba0825ed094da8"
    dependencies:
      commander "~2.14.1"
      source-map "~0.6.1"

Trace: 
  Error: https://registry.yarnpkg.com/@fortawesome%2ffontawesome-free-br: Not found
      at Request.params.callback [as _callback] (/usr/local/Cellar/yarn/1.3.2/libexec/lib/cli.js:62098:18)
      at Request.self.callback (/usr/local/Cellar/yarn/1.3.2/libexec/lib/cli.js:123085:22)
      at Request.emit (events.js:160:13)
      at Request.<anonymous> (/usr/local/Cellar/yarn/1.3.2/libexec/lib/cli.js:124068:10)
      at Request.emit (events.js:160:13)
      at IncomingMessage.<anonymous> (/usr/local/Cellar/yarn/1.3.2/libexec/lib/cli.js:123988:12)
      at Object.onceWrapper (events.js:255:19)
      at IncomingMessage.emit (events.js:165:20)
      at endReadableNT (_stream_readable.js:1101:12)
      at process._tickCallback (internal/process/next_tick.js:152:19)
